# gmm-align-compiled --transition-scale=1.8 --acoustic-scale=0.1 --self-loop-scale=1.18 --beam=10 --retry-beam=40 --careful=false "gmm-boost-silence --boost=1.0 1 exp/mono/7.mdl - |" "ark:gunzip -c exp/mono/fsts.4.gz|" "ark,s,cs:apply-cmvn  --utt2spk=ark:data/train/split4/4/utt2spk scp:data/train/split4/4/cmvn.scp scp:data/train/split4/4/feats.scp ark:- | add-deltas ark:- ark:- |" "ark,t:|gzip -c >exp/mono/ali.4.gz" 
# Started at Fri Apr  7 19:39:20 IST 2017
#
gmm-align-compiled --transition-scale=1.8 --acoustic-scale=0.1 --self-loop-scale=1.18 --beam=10 --retry-beam=40 --careful=false 'gmm-boost-silence --boost=1.0 1 exp/mono/7.mdl - |' 'ark:gunzip -c exp/mono/fsts.4.gz|' 'ark,s,cs:apply-cmvn  --utt2spk=ark:data/train/split4/4/utt2spk scp:data/train/split4/4/cmvn.scp scp:data/train/split4/4/feats.scp ark:- | add-deltas ark:- ark:- |' 'ark,t:|gzip -c >exp/mono/ali.4.gz' 
gmm-boost-silence --boost=1.0 1 exp/mono/7.mdl - 
WARNING (gmm-boost-silence[5.1.38~1-3fec9]:main():gmm-boost-silence.cc:82) The pdfs for the silence phones may be shared by other phones (note: this probably does not matter.)
LOG (gmm-boost-silence[5.1.38~1-3fec9]:main():gmm-boost-silence.cc:93) Boosted weights for 5 pdfs, by factor of 1
LOG (gmm-boost-silence[5.1.38~1-3fec9]:main():gmm-boost-silence.cc:103) Wrote model to -
add-deltas ark:- ark:- 
apply-cmvn --utt2spk=ark:data/train/split4/4/utt2spk scp:data/train/split4/4/cmvn.scp scp:data/train/split4/4/feats.scp ark:- 
WARNING (gmm-align-compiled[5.1.38~1-3fec9]:AlignUtteranceWrapper():decoder-wrappers.cc:466) Retrying utterance ibm_003_002 with beam 40
WARNING (gmm-align-compiled[5.1.38~1-3fec9]:AlignUtteranceWrapper():decoder-wrappers.cc:466) Retrying utterance ibm_003_018 with beam 40
WARNING (gmm-align-compiled[5.1.38~1-3fec9]:AlignUtteranceWrapper():decoder-wrappers.cc:475) Did not successfully decode file ibm_003_018, len = 782
WARNING (gmm-align-compiled[5.1.38~1-3fec9]:AlignUtteranceWrapper():decoder-wrappers.cc:466) Retrying utterance ibm_003_028 with beam 40
WARNING (gmm-align-compiled[5.1.38~1-3fec9]:AlignUtteranceWrapper():decoder-wrappers.cc:475) Did not successfully decode file ibm_003_028, len = 874
WARNING (gmm-align-compiled[5.1.38~1-3fec9]:AlignUtteranceWrapper():decoder-wrappers.cc:466) Retrying utterance ibm_003_035 with beam 40
WARNING (gmm-align-compiled[5.1.38~1-3fec9]:AlignUtteranceWrapper():decoder-wrappers.cc:475) Did not successfully decode file ibm_003_035, len = 1422
WARNING (gmm-align-compiled[5.1.38~1-3fec9]:AlignUtteranceWrapper():decoder-wrappers.cc:466) Retrying utterance ibm_003_042 with beam 40
WARNING (gmm-align-compiled[5.1.38~1-3fec9]:AlignUtteranceWrapper():decoder-wrappers.cc:475) Did not successfully decode file ibm_003_042, len = 859
WARNING (gmm-align-compiled[5.1.38~1-3fec9]:AlignUtteranceWrapper():decoder-wrappers.cc:466) Retrying utterance ibm_003_055 with beam 40
WARNING (gmm-align-compiled[5.1.38~1-3fec9]:AlignUtteranceWrapper():decoder-wrappers.cc:475) Did not successfully decode file ibm_003_055, len = 452
WARNING (gmm-align-compiled[5.1.38~1-3fec9]:AlignUtteranceWrapper():decoder-wrappers.cc:466) Retrying utterance ibm_003_061 with beam 40
WARNING (gmm-align-compiled[5.1.38~1-3fec9]:AlignUtteranceWrapper():decoder-wrappers.cc:475) Did not successfully decode file ibm_003_061, len = 1112
WARNING (gmm-align-compiled[5.1.38~1-3fec9]:AlignUtteranceWrapper():decoder-wrappers.cc:466) Retrying utterance ibm_004_002 with beam 40
WARNING (gmm-align-compiled[5.1.38~1-3fec9]:AlignUtteranceWrapper():decoder-wrappers.cc:466) Retrying utterance ibm_004_060 with beam 40
WARNING (gmm-align-compiled[5.1.38~1-3fec9]:AlignUtteranceWrapper():decoder-wrappers.cc:475) Did not successfully decode file ibm_004_060, len = 1218
WARNING (gmm-align-compiled[5.1.38~1-3fec9]:AlignUtteranceWrapper():decoder-wrappers.cc:466) Retrying utterance ibm_004_069 with beam 40
WARNING (gmm-align-compiled[5.1.38~1-3fec9]:AlignUtteranceWrapper():decoder-wrappers.cc:475) Did not successfully decode file ibm_004_069, len = 755
WARNING (gmm-align-compiled[5.1.38~1-3fec9]:AlignUtteranceWrapper():decoder-wrappers.cc:466) Retrying utterance ibm_004_076 with beam 40
WARNING (gmm-align-compiled[5.1.38~1-3fec9]:AlignUtteranceWrapper():decoder-wrappers.cc:475) Did not successfully decode file ibm_004_076, len = 824
WARNING (gmm-align-compiled[5.1.38~1-3fec9]:AlignUtteranceWrapper():decoder-wrappers.cc:466) Retrying utterance ibm_004_091 with beam 40
WARNING (gmm-align-compiled[5.1.38~1-3fec9]:AlignUtteranceWrapper():decoder-wrappers.cc:475) Did not successfully decode file ibm_004_091, len = 448
WARNING (gmm-align-compiled[5.1.38~1-3fec9]:AlignUtteranceWrapper():decoder-wrappers.cc:466) Retrying utterance ibm_004_136 with beam 40
WARNING (gmm-align-compiled[5.1.38~1-3fec9]:AlignUtteranceWrapper():decoder-wrappers.cc:466) Retrying utterance ibm_004_149 with beam 40
WARNING (gmm-align-compiled[5.1.38~1-3fec9]:AlignUtteranceWrapper():decoder-wrappers.cc:475) Did not successfully decode file ibm_004_149, len = 704
WARNING (gmm-align-compiled[5.1.38~1-3fec9]:AlignUtteranceWrapper():decoder-wrappers.cc:466) Retrying utterance ibm_004_157 with beam 40
WARNING (gmm-align-compiled[5.1.38~1-3fec9]:AlignUtteranceWrapper():decoder-wrappers.cc:475) Did not successfully decode file ibm_004_157, len = 800
WARNING (gmm-align-compiled[5.1.38~1-3fec9]:AlignUtteranceWrapper():decoder-wrappers.cc:466) Retrying utterance ibm_004_185 with beam 40
WARNING (gmm-align-compiled[5.1.38~1-3fec9]:AlignUtteranceWrapper():decoder-wrappers.cc:466) Retrying utterance ibm_004_236 with beam 40
WARNING (gmm-align-compiled[5.1.38~1-3fec9]:AlignUtteranceWrapper():decoder-wrappers.cc:466) Retrying utterance ibm_004_243 with beam 40
WARNING (gmm-align-compiled[5.1.38~1-3fec9]:AlignUtteranceWrapper():decoder-wrappers.cc:466) Retrying utterance ibm_004_252 with beam 40
WARNING (gmm-align-compiled[5.1.38~1-3fec9]:AlignUtteranceWrapper():decoder-wrappers.cc:466) Retrying utterance ibm_004_258 with beam 40
WARNING (gmm-align-compiled[5.1.38~1-3fec9]:AlignUtteranceWrapper():decoder-wrappers.cc:475) Did not successfully decode file ibm_004_258, len = 764
WARNING (gmm-align-compiled[5.1.38~1-3fec9]:AlignUtteranceWrapper():decoder-wrappers.cc:466) Retrying utterance ibm_004_270 with beam 40
WARNING (gmm-align-compiled[5.1.38~1-3fec9]:AlignUtteranceWrapper():decoder-wrappers.cc:475) Did not successfully decode file ibm_004_270, len = 521
WARNING (gmm-align-compiled[5.1.38~1-3fec9]:AlignUtteranceWrapper():decoder-wrappers.cc:466) Retrying utterance ibm_004_303 with beam 40
WARNING (gmm-align-compiled[5.1.38~1-3fec9]:AlignUtteranceWrapper():decoder-wrappers.cc:466) Retrying utterance ibm_004_328 with beam 40
WARNING (gmm-align-compiled[5.1.38~1-3fec9]:AlignUtteranceWrapper():decoder-wrappers.cc:466) Retrying utterance ibm_004_351 with beam 40
WARNING (gmm-align-compiled[5.1.38~1-3fec9]:AlignUtteranceWrapper():decoder-wrappers.cc:475) Did not successfully decode file ibm_004_351, len = 1177
WARNING (gmm-align-compiled[5.1.38~1-3fec9]:AlignUtteranceWrapper():decoder-wrappers.cc:466) Retrying utterance ibm_004_360 with beam 40
WARNING (gmm-align-compiled[5.1.38~1-3fec9]:AlignUtteranceWrapper():decoder-wrappers.cc:475) Did not successfully decode file ibm_004_360, len = 796
WARNING (gmm-align-compiled[5.1.38~1-3fec9]:AlignUtteranceWrapper():decoder-wrappers.cc:466) Retrying utterance ibm_004_366 with beam 40
WARNING (gmm-align-compiled[5.1.38~1-3fec9]:AlignUtteranceWrapper():decoder-wrappers.cc:475) Did not successfully decode file ibm_004_366, len = 623
WARNING (gmm-align-compiled[5.1.38~1-3fec9]:AlignUtteranceWrapper():decoder-wrappers.cc:466) Retrying utterance ibm_004_372 with beam 40
WARNING (gmm-align-compiled[5.1.38~1-3fec9]:AlignUtteranceWrapper():decoder-wrappers.cc:475) Did not successfully decode file ibm_004_372, len = 567
WARNING (gmm-align-compiled[5.1.38~1-3fec9]:AlignUtteranceWrapper():decoder-wrappers.cc:466) Retrying utterance ibm_004_383 with beam 40
WARNING (gmm-align-compiled[5.1.38~1-3fec9]:AlignUtteranceWrapper():decoder-wrappers.cc:475) Did not successfully decode file ibm_004_383, len = 542
WARNING (gmm-align-compiled[5.1.38~1-3fec9]:AlignUtteranceWrapper():decoder-wrappers.cc:466) Retrying utterance ibm_004_390 with beam 40
WARNING (gmm-align-compiled[5.1.38~1-3fec9]:AlignUtteranceWrapper():decoder-wrappers.cc:475) Did not successfully decode file ibm_004_390, len = 750
WARNING (gmm-align-compiled[5.1.38~1-3fec9]:AlignUtteranceWrapper():decoder-wrappers.cc:466) Retrying utterance ibm_004_401 with beam 40
WARNING (gmm-align-compiled[5.1.38~1-3fec9]:AlignUtteranceWrapper():decoder-wrappers.cc:475) Did not successfully decode file ibm_004_401, len = 1252
WARNING (gmm-align-compiled[5.1.38~1-3fec9]:AlignUtteranceWrapper():decoder-wrappers.cc:466) Retrying utterance ibm_004_411 with beam 40
WARNING (gmm-align-compiled[5.1.38~1-3fec9]:AlignUtteranceWrapper():decoder-wrappers.cc:475) Did not successfully decode file ibm_004_411, len = 342
WARNING (gmm-align-compiled[5.1.38~1-3fec9]:AlignUtteranceWrapper():decoder-wrappers.cc:466) Retrying utterance ibm_004_442 with beam 40
WARNING (gmm-align-compiled[5.1.38~1-3fec9]:AlignUtteranceWrapper():decoder-wrappers.cc:475) Did not successfully decode file ibm_004_442, len = 1269
WARNING (gmm-align-compiled[5.1.38~1-3fec9]:AlignUtteranceWrapper():decoder-wrappers.cc:466) Retrying utterance ibm_004_449 with beam 40
WARNING (gmm-align-compiled[5.1.38~1-3fec9]:AlignUtteranceWrapper():decoder-wrappers.cc:475) Did not successfully decode file ibm_004_449, len = 868
WARNING (gmm-align-compiled[5.1.38~1-3fec9]:AlignUtteranceWrapper():decoder-wrappers.cc:466) Retrying utterance ibm_004_455 with beam 40
WARNING (gmm-align-compiled[5.1.38~1-3fec9]:AlignUtteranceWrapper():decoder-wrappers.cc:475) Did not successfully decode file ibm_004_455, len = 1030
WARNING (gmm-align-compiled[5.1.38~1-3fec9]:AlignUtteranceWrapper():decoder-wrappers.cc:466) Retrying utterance ibm_004_475 with beam 40
WARNING (gmm-align-compiled[5.1.38~1-3fec9]:AlignUtteranceWrapper():decoder-wrappers.cc:475) Did not successfully decode file ibm_004_475, len = 879
WARNING (gmm-align-compiled[5.1.38~1-3fec9]:AlignUtteranceWrapper():decoder-wrappers.cc:466) Retrying utterance ibm_004_482 with beam 40
WARNING (gmm-align-compiled[5.1.38~1-3fec9]:AlignUtteranceWrapper():decoder-wrappers.cc:466) Retrying utterance ibm_004_503 with beam 40
WARNING (gmm-align-compiled[5.1.38~1-3fec9]:AlignUtteranceWrapper():decoder-wrappers.cc:466) Retrying utterance ibm_006_006 with beam 40
WARNING (gmm-align-compiled[5.1.38~1-3fec9]:AlignUtteranceWrapper():decoder-wrappers.cc:466) Retrying utterance ibm_006_059 with beam 40
WARNING (gmm-align-compiled[5.1.38~1-3fec9]:AlignUtteranceWrapper():decoder-wrappers.cc:475) Did not successfully decode file ibm_006_059, len = 1520
WARNING (gmm-align-compiled[5.1.38~1-3fec9]:AlignUtteranceWrapper():decoder-wrappers.cc:466) Retrying utterance ibm_006_068 with beam 40
WARNING (gmm-align-compiled[5.1.38~1-3fec9]:AlignUtteranceWrapper():decoder-wrappers.cc:475) Did not successfully decode file ibm_006_068, len = 577
WARNING (gmm-align-compiled[5.1.38~1-3fec9]:AlignUtteranceWrapper():decoder-wrappers.cc:466) Retrying utterance ibm_006_077 with beam 40
WARNING (gmm-align-compiled[5.1.38~1-3fec9]:AlignUtteranceWrapper():decoder-wrappers.cc:475) Did not successfully decode file ibm_006_077, len = 1641
WARNING (gmm-align-compiled[5.1.38~1-3fec9]:AlignUtteranceWrapper():decoder-wrappers.cc:466) Retrying utterance ibm_006_097 with beam 40
WARNING (gmm-align-compiled[5.1.38~1-3fec9]:AlignUtteranceWrapper():decoder-wrappers.cc:475) Did not successfully decode file ibm_006_097, len = 530
WARNING (gmm-align-compiled[5.1.38~1-3fec9]:AlignUtteranceWrapper():decoder-wrappers.cc:466) Retrying utterance ibm_006_120 with beam 40
WARNING (gmm-align-compiled[5.1.38~1-3fec9]:AlignUtteranceWrapper():decoder-wrappers.cc:475) Did not successfully decode file ibm_006_120, len = 1069
WARNING (gmm-align-compiled[5.1.38~1-3fec9]:AlignUtteranceWrapper():decoder-wrappers.cc:466) Retrying utterance ibm_006_150 with beam 40
WARNING (gmm-align-compiled[5.1.38~1-3fec9]:AlignUtteranceWrapper():decoder-wrappers.cc:475) Did not successfully decode file ibm_006_150, len = 1314
WARNING (gmm-align-compiled[5.1.38~1-3fec9]:AlignUtteranceWrapper():decoder-wrappers.cc:466) Retrying utterance ibm_006_167 with beam 40
WARNING (gmm-align-compiled[5.1.38~1-3fec9]:AlignUtteranceWrapper():decoder-wrappers.cc:475) Did not successfully decode file ibm_006_167, len = 1217
WARNING (gmm-align-compiled[5.1.38~1-3fec9]:AlignUtteranceWrapper():decoder-wrappers.cc:466) Retrying utterance ibm_006_213 with beam 40
WARNING (gmm-align-compiled[5.1.38~1-3fec9]:AlignUtteranceWrapper():decoder-wrappers.cc:466) Retrying utterance ibm_006_219 with beam 40
WARNING (gmm-align-compiled[5.1.38~1-3fec9]:AlignUtteranceWrapper():decoder-wrappers.cc:466) Retrying utterance ibm_006_299 with beam 40
WARNING (gmm-align-compiled[5.1.38~1-3fec9]:AlignUtteranceWrapper():decoder-wrappers.cc:475) Did not successfully decode file ibm_006_299, len = 1322
WARNING (gmm-align-compiled[5.1.38~1-3fec9]:AlignUtteranceWrapper():decoder-wrappers.cc:466) Retrying utterance ibm_006_308 with beam 40
WARNING (gmm-align-compiled[5.1.38~1-3fec9]:AlignUtteranceWrapper():decoder-wrappers.cc:475) Did not successfully decode file ibm_006_308, len = 1375
WARNING (gmm-align-compiled[5.1.38~1-3fec9]:AlignUtteranceWrapper():decoder-wrappers.cc:466) Retrying utterance ibm_006_326 with beam 40
WARNING (gmm-align-compiled[5.1.38~1-3fec9]:AlignUtteranceWrapper():decoder-wrappers.cc:466) Retrying utterance ibm_006_364 with beam 40
WARNING (gmm-align-compiled[5.1.38~1-3fec9]:AlignUtteranceWrapper():decoder-wrappers.cc:466) Retrying utterance ibm_006_374 with beam 40
WARNING (gmm-align-compiled[5.1.38~1-3fec9]:AlignUtteranceWrapper():decoder-wrappers.cc:466) Retrying utterance ibm_006_402 with beam 40
WARNING (gmm-align-compiled[5.1.38~1-3fec9]:AlignUtteranceWrapper():decoder-wrappers.cc:475) Did not successfully decode file ibm_006_402, len = 1038
WARNING (gmm-align-compiled[5.1.38~1-3fec9]:AlignUtteranceWrapper():decoder-wrappers.cc:466) Retrying utterance ibm_006_417 with beam 40
WARNING (gmm-align-compiled[5.1.38~1-3fec9]:AlignUtteranceWrapper():decoder-wrappers.cc:475) Did not successfully decode file ibm_006_417, len = 590
WARNING (gmm-align-compiled[5.1.38~1-3fec9]:AlignUtteranceWrapper():decoder-wrappers.cc:466) Retrying utterance ibm_006_456 with beam 40
WARNING (gmm-align-compiled[5.1.38~1-3fec9]:AlignUtteranceWrapper():decoder-wrappers.cc:466) Retrying utterance ibm_007_038 with beam 40
WARNING (gmm-align-compiled[5.1.38~1-3fec9]:AlignUtteranceWrapper():decoder-wrappers.cc:466) Retrying utterance ibm_007_046 with beam 40
WARNING (gmm-align-compiled[5.1.38~1-3fec9]:AlignUtteranceWrapper():decoder-wrappers.cc:466) Retrying utterance ibm_007_068 with beam 40
WARNING (gmm-align-compiled[5.1.38~1-3fec9]:AlignUtteranceWrapper():decoder-wrappers.cc:475) Did not successfully decode file ibm_007_068, len = 1797
WARNING (gmm-align-compiled[5.1.38~1-3fec9]:AlignUtteranceWrapper():decoder-wrappers.cc:466) Retrying utterance ibm_010_012 with beam 40
WARNING (gmm-align-compiled[5.1.38~1-3fec9]:AlignUtteranceWrapper():decoder-wrappers.cc:466) Retrying utterance ibm_010_021 with beam 40
WARNING (gmm-align-compiled[5.1.38~1-3fec9]:AlignUtteranceWrapper():decoder-wrappers.cc:475) Did not successfully decode file ibm_010_021, len = 581
WARNING (gmm-align-compiled[5.1.38~1-3fec9]:AlignUtteranceWrapper():decoder-wrappers.cc:466) Retrying utterance ibm_010_030 with beam 40
WARNING (gmm-align-compiled[5.1.38~1-3fec9]:AlignUtteranceWrapper():decoder-wrappers.cc:475) Did not successfully decode file ibm_010_030, len = 839
LOG (apply-cmvn[5.1.38~1-3fec9]:main():apply-cmvn.cc:146) Applied cepstral mean normalization to 67 utterances, errors on 0
WARNING (gmm-align-compiled[5.1.38~1-3fec9]:AlignUtteranceWrapper():decoder-wrappers.cc:466) Retrying utterance ibm_010_065 with beam 40
WARNING (gmm-align-compiled[5.1.38~1-3fec9]:AlignUtteranceWrapper():decoder-wrappers.cc:475) Did not successfully decode file ibm_010_065, len = 721
WARNING (gmm-align-compiled[5.1.38~1-3fec9]:AlignUtteranceWrapper():decoder-wrappers.cc:466) Retrying utterance ibm_010_073 with beam 40
WARNING (gmm-align-compiled[5.1.38~1-3fec9]:AlignUtteranceWrapper():decoder-wrappers.cc:475) Did not successfully decode file ibm_010_073, len = 1642
LOG (gmm-align-compiled[5.1.38~1-3fec9]:main():gmm-align-compiled.cc:129) Overall log-likelihood per frame is -112.001 over 15325 frames.
LOG (gmm-align-compiled[5.1.38~1-3fec9]:main():gmm-align-compiled.cc:131) Retried 63 out of 67 utterances.
LOG (gmm-align-compiled[5.1.38~1-3fec9]:main():gmm-align-compiled.cc:133) Done 25, errors on 42
# Accounting: time=51 threads=1
# Ended (code 0) at Fri Apr  7 19:40:11 IST 2017, elapsed time 51 seconds
