# gmm-est --write-occs=exp/mono/9.occs --mix-up=1697 --power=0.25 exp/mono/8.mdl "gmm-sum-accs - exp/mono/8.*.acc|" exp/mono/9.mdl 
# Started at Fri Apr  7 19:41:25 IST 2017
#
gmm-est --write-occs=exp/mono/9.occs --mix-up=1697 --power=0.25 exp/mono/8.mdl 'gmm-sum-accs - exp/mono/8.*.acc|' exp/mono/9.mdl 
gmm-sum-accs - exp/mono/8.1.acc exp/mono/8.2.acc exp/mono/8.3.acc exp/mono/8.4.acc 
LOG (gmm-sum-accs[5.1.38~1-3fec9]:main():gmm-sum-accs.cc:63) Summed 4 stats, total count 114280, avg like/frame -106.749
LOG (gmm-sum-accs[5.1.38~1-3fec9]:main():gmm-sum-accs.cc:66) Total count of stats is 114280
LOG (gmm-sum-accs[5.1.38~1-3fec9]:main():gmm-sum-accs.cc:67) Written stats to -
LOG (gmm-est[5.1.38~1-3fec9]:MleUpdate():transition-model.cc:517) TransitionModel::Update, objf change is 0.00102583 per frame over 114280 frames. 
LOG (gmm-est[5.1.38~1-3fec9]:MleUpdate():transition-model.cc:520) 186 probabilities floored, 195 out of 433 transition-states skipped due to insuffient data (it is normal to have some skipped.)
LOG (gmm-est[5.1.38~1-3fec9]:main():gmm-est.cc:102) Transition model update: Overall 0.00102583 log-like improvement per frame over 114280 frames.
WARNING (gmm-est[5.1.38~1-3fec9]:MleDiagGmmUpdate():mle-diag-gmm.cc:359) Too little data - removing Gaussian (weight 0.026220, occupation count 3.539639, vector size 39)
WARNING (gmm-est[5.1.38~1-3fec9]:MleDiagGmmUpdate():mle-diag-gmm.cc:365) Gaussian has too little data but not removing it because it is the last Gaussian: i = 0, occ = 0, weight = 1
WARNING (gmm-est[5.1.38~1-3fec9]:MleDiagGmmUpdate():mle-diag-gmm.cc:365) Gaussian has too little data but not removing it because it is the last Gaussian: i = 0, occ = 0, weight = 1
WARNING (gmm-est[5.1.38~1-3fec9]:MleDiagGmmUpdate():mle-diag-gmm.cc:365) Gaussian has too little data but not removing it because it is the last Gaussian: i = 0, occ = 0, weight = 1
WARNING (gmm-est[5.1.38~1-3fec9]:MleDiagGmmUpdate():mle-diag-gmm.cc:365) Gaussian has too little data but not removing it because it is the last Gaussian: i = 0, occ = 8, weight = 1
WARNING (gmm-est[5.1.38~1-3fec9]:MleDiagGmmUpdate():mle-diag-gmm.cc:359) Too little data - removing Gaussian (weight 0.041735, occupation count 9.599122, vector size 39)
WARNING (gmm-est[5.1.38~1-3fec9]:MleDiagGmmUpdate():mle-diag-gmm.cc:359) Too little data - removing Gaussian (weight 0.025812, occupation count 5.936736, vector size 39)
WARNING (gmm-est[5.1.38~1-3fec9]:MleDiagGmmUpdate():mle-diag-gmm.cc:359) Too little data - removing Gaussian (weight 0.012170, occupation count 6.876330, vector size 39)
WARNING (gmm-est[5.1.38~1-3fec9]:MleDiagGmmUpdate():mle-diag-gmm.cc:359) Too little data - removing Gaussian (weight 0.013991, occupation count 7.904742, vector size 39)
WARNING (gmm-est[5.1.38~1-3fec9]:MleDiagGmmUpdate():mle-diag-gmm.cc:359) Too little data - removing Gaussian (weight 0.012183, occupation count 8.138142, vector size 39)
WARNING (gmm-est[5.1.38~1-3fec9]:MleDiagGmmUpdate():mle-diag-gmm.cc:359) Too little data - removing Gaussian (weight 0.013587, occupation count 9.076075, vector size 39)
WARNING (gmm-est[5.1.38~1-3fec9]:MleDiagGmmUpdate():mle-diag-gmm.cc:365) Gaussian has too little data but not removing it because it is the last Gaussian: i = 0, occ = 3, weight = 1
WARNING (gmm-est[5.1.38~1-3fec9]:MleDiagGmmUpdate():mle-diag-gmm.cc:365) Gaussian has too little data but not removing it because it is the last Gaussian: i = 0, occ = 3, weight = 1
WARNING (gmm-est[5.1.38~1-3fec9]:MleDiagGmmUpdate():mle-diag-gmm.cc:365) Gaussian has too little data but not removing it because it is the last Gaussian: i = 0, occ = 3, weight = 1
WARNING (gmm-est[5.1.38~1-3fec9]:MleDiagGmmUpdate():mle-diag-gmm.cc:365) Gaussian has too little data but not removing it because it is the last Gaussian: i = 0, occ = 7, weight = 1
WARNING (gmm-est[5.1.38~1-3fec9]:MleDiagGmmUpdate():mle-diag-gmm.cc:365) Gaussian has too little data but not removing it because it is the last Gaussian: i = 0, occ = 0, weight = 1
WARNING (gmm-est[5.1.38~1-3fec9]:MleDiagGmmUpdate():mle-diag-gmm.cc:365) Gaussian has too little data but not removing it because it is the last Gaussian: i = 0, occ = 0, weight = 1
WARNING (gmm-est[5.1.38~1-3fec9]:MleDiagGmmUpdate():mle-diag-gmm.cc:365) Gaussian has too little data but not removing it because it is the last Gaussian: i = 0, occ = 0, weight = 1
WARNING (gmm-est[5.1.38~1-3fec9]:MleDiagGmmUpdate():mle-diag-gmm.cc:365) Gaussian has too little data but not removing it because it is the last Gaussian: i = 0, occ = 4, weight = 1
WARNING (gmm-est[5.1.38~1-3fec9]:MleDiagGmmUpdate():mle-diag-gmm.cc:365) Gaussian has too little data but not removing it because it is the last Gaussian: i = 0, occ = 4, weight = 1
LOG (gmm-est[5.1.38~1-3fec9]:MleAmDiagGmmUpdate():mle-am-diag-gmm.cc:225) 0 variance elements floored in 0 Gaussians, out of 1753
LOG (gmm-est[5.1.38~1-3fec9]:MleAmDiagGmmUpdate():mle-am-diag-gmm.cc:229) Removed 7 Gaussians due to counts < --min-gaussian-occupancy=10 and --remove-low-count-gaussians=true
LOG (gmm-est[5.1.38~1-3fec9]:main():gmm-est.cc:113) GMM update: Overall 0.586665 objective function improvement per frame over 114280 frames
LOG (gmm-est[5.1.38~1-3fec9]:main():gmm-est.cc:116) GMM update: Overall avg like per frame = -106.749 over 114280 frames.
LOG (gmm-est[5.1.38~1-3fec9]:SplitByCount():am-diag-gmm.cc:116) Split 107 states with target = 1697, power = 0.25, perturb_factor = 0.01 and min_count = 20, split #Gauss from 1753 to 1780
LOG (gmm-est[5.1.38~1-3fec9]:main():gmm-est.cc:146) Written model to exp/mono/9.mdl
# Accounting: time=0 threads=1
# Ended (code 0) at Fri Apr  7 19:41:25 IST 2017, elapsed time 0 seconds
