# gmm-est --write-occs=exp/mono/2.occs --mix-up=107 --power=0.25 exp/mono/1.mdl "gmm-sum-accs - exp/mono/1.*.acc|" exp/mono/2.mdl 
# Started at Fri Apr  7 19:35:47 IST 2017
#
gmm-est --write-occs=exp/mono/2.occs --mix-up=107 --power=0.25 exp/mono/1.mdl 'gmm-sum-accs - exp/mono/1.*.acc|' exp/mono/2.mdl 
gmm-sum-accs - exp/mono/1.1.acc exp/mono/1.2.acc exp/mono/1.3.acc exp/mono/1.4.acc 
LOG (gmm-sum-accs[5.1.38~1-3fec9]:main():gmm-sum-accs.cc:63) Summed 4 stats, total count 5773, avg like/frame -113.326
LOG (gmm-sum-accs[5.1.38~1-3fec9]:main():gmm-sum-accs.cc:66) Total count of stats is 5773
LOG (gmm-sum-accs[5.1.38~1-3fec9]:main():gmm-sum-accs.cc:67) Written stats to -
LOG (gmm-est[5.1.38~1-3fec9]:MleUpdate():transition-model.cc:517) TransitionModel::Update, objf change is 0.215904 per frame over 5773 frames. 
LOG (gmm-est[5.1.38~1-3fec9]:MleUpdate():transition-model.cc:520) 19 probabilities floored, 283 out of 433 transition-states skipped due to insuffient data (it is normal to have some skipped.)
LOG (gmm-est[5.1.38~1-3fec9]:main():gmm-est.cc:102) Transition model update: Overall 0.215904 log-like improvement per frame over 5773 frames.
WARNING (gmm-est[5.1.38~1-3fec9]:MleDiagGmmUpdate():mle-diag-gmm.cc:365) Gaussian has too little data but not removing it because it is the last Gaussian: i = 0, occ = 0, weight = 1
WARNING (gmm-est[5.1.38~1-3fec9]:MleDiagGmmUpdate():mle-diag-gmm.cc:365) Gaussian has too little data but not removing it because it is the last Gaussian: i = 0, occ = 0, weight = 1
WARNING (gmm-est[5.1.38~1-3fec9]:MleDiagGmmUpdate():mle-diag-gmm.cc:365) Gaussian has too little data but not removing it because it is the last Gaussian: i = 0, occ = 2, weight = 1
WARNING (gmm-est[5.1.38~1-3fec9]:MleDiagGmmUpdate():mle-diag-gmm.cc:365) Gaussian has too little data but not removing it because it is the last Gaussian: i = 0, occ = 0, weight = 1
WARNING (gmm-est[5.1.38~1-3fec9]:MleDiagGmmUpdate():mle-diag-gmm.cc:365) Gaussian has too little data but not removing it because it is the last Gaussian: i = 0, occ = 0, weight = 1
WARNING (gmm-est[5.1.38~1-3fec9]:MleDiagGmmUpdate():mle-diag-gmm.cc:365) Gaussian has too little data but not removing it because it is the last Gaussian: i = 0, occ = 0, weight = 1
WARNING (gmm-est[5.1.38~1-3fec9]:MleDiagGmmUpdate():mle-diag-gmm.cc:365) Gaussian has too little data but not removing it because it is the last Gaussian: i = 0, occ = 9, weight = 1
WARNING (gmm-est[5.1.38~1-3fec9]:MleDiagGmmUpdate():mle-diag-gmm.cc:365) Gaussian has too little data but not removing it because it is the last Gaussian: i = 0, occ = 0, weight = 1
WARNING (gmm-est[5.1.38~1-3fec9]:MleDiagGmmUpdate():mle-diag-gmm.cc:365) Gaussian has too little data but not removing it because it is the last Gaussian: i = 0, occ = 0, weight = 1
WARNING (gmm-est[5.1.38~1-3fec9]:MleDiagGmmUpdate():mle-diag-gmm.cc:365) Gaussian has too little data but not removing it because it is the last Gaussian: i = 0, occ = 0, weight = 1
WARNING (gmm-est[5.1.38~1-3fec9]:MleDiagGmmUpdate():mle-diag-gmm.cc:365) Gaussian has too little data but not removing it because it is the last Gaussian: i = 0, occ = 5, weight = 1
WARNING (gmm-est[5.1.38~1-3fec9]:MleDiagGmmUpdate():mle-diag-gmm.cc:365) Gaussian has too little data but not removing it because it is the last Gaussian: i = 0, occ = 3, weight = 1
WARNING (gmm-est[5.1.38~1-3fec9]:MleDiagGmmUpdate():mle-diag-gmm.cc:365) Gaussian has too little data but not removing it because it is the last Gaussian: i = 0, occ = 2, weight = 1
WARNING (gmm-est[5.1.38~1-3fec9]:MleDiagGmmUpdate():mle-diag-gmm.cc:365) Gaussian has too little data but not removing it because it is the last Gaussian: i = 0, occ = 0, weight = 1
WARNING (gmm-est[5.1.38~1-3fec9]:MleDiagGmmUpdate():mle-diag-gmm.cc:365) Gaussian has too little data but not removing it because it is the last Gaussian: i = 0, occ = 0, weight = 1
WARNING (gmm-est[5.1.38~1-3fec9]:MleDiagGmmUpdate():mle-diag-gmm.cc:365) Gaussian has too little data but not removing it because it is the last Gaussian: i = 0, occ = 0, weight = 1
WARNING (gmm-est[5.1.38~1-3fec9]:MleDiagGmmUpdate():mle-diag-gmm.cc:365) Gaussian has too little data but not removing it because it is the last Gaussian: i = 0, occ = 0, weight = 1
WARNING (gmm-est[5.1.38~1-3fec9]:MleDiagGmmUpdate():mle-diag-gmm.cc:365) Gaussian has too little data but not removing it because it is the last Gaussian: i = 0, occ = 0, weight = 1
WARNING (gmm-est[5.1.38~1-3fec9]:MleDiagGmmUpdate():mle-diag-gmm.cc:365) Gaussian has too little data but not removing it because it is the last Gaussian: i = 0, occ = 0, weight = 1
WARNING (gmm-est[5.1.38~1-3fec9]:MleDiagGmmUpdate():mle-diag-gmm.cc:365) Gaussian has too little data but not removing it because it is the last Gaussian: i = 0, occ = 1, weight = 1
WARNING (gmm-est[5.1.38~1-3fec9]:MleDiagGmmUpdate():mle-diag-gmm.cc:365) Gaussian has too little data but not removing it because it is the last Gaussian: i = 0, occ = 0, weight = 1
WARNING (gmm-est[5.1.38~1-3fec9]:MleDiagGmmUpdate():mle-diag-gmm.cc:365) Gaussian has too little data but not removing it because it is the last Gaussian: i = 0, occ = 0, weight = 1
WARNING (gmm-est[5.1.38~1-3fec9]:MleDiagGmmUpdate():mle-diag-gmm.cc:365) Gaussian has too little data but not removing it because it is the last Gaussian: i = 0, occ = 0, weight = 1
WARNING (gmm-est[5.1.38~1-3fec9]:MleDiagGmmUpdate():mle-diag-gmm.cc:365) Gaussian has too little data but not removing it because it is the last Gaussian: i = 0, occ = 0, weight = 1
WARNING (gmm-est[5.1.38~1-3fec9]:MleDiagGmmUpdate():mle-diag-gmm.cc:365) Gaussian has too little data but not removing it because it is the last Gaussian: i = 0, occ = 0, weight = 1
WARNING (gmm-est[5.1.38~1-3fec9]:MleDiagGmmUpdate():mle-diag-gmm.cc:365) Gaussian has too little data but not removing it because it is the last Gaussian: i = 0, occ = 0, weight = 1
LOG (gmm-est[5.1.38~1-3fec9]:MleAmDiagGmmUpdate():mle-am-diag-gmm.cc:225) 0 variance elements floored in 0 Gaussians, out of 107
LOG (gmm-est[5.1.38~1-3fec9]:MleAmDiagGmmUpdate():mle-am-diag-gmm.cc:229) Removed 0 Gaussians due to counts < --min-gaussian-occupancy=10 and --remove-low-count-gaussians=true
LOG (gmm-est[5.1.38~1-3fec9]:main():gmm-est.cc:113) GMM update: Overall 4.40208 objective function improvement per frame over 5773 frames
LOG (gmm-est[5.1.38~1-3fec9]:main():gmm-est.cc:116) GMM update: Overall avg like per frame = -113.326 over 5773 frames.
LOG (gmm-est[5.1.38~1-3fec9]:SplitByCount():am-diag-gmm.cc:116) Split 107 states with target = 107, power = 0.25, perturb_factor = 0.01 and min_count = 20, split #Gauss from 107 to 107
LOG (gmm-est[5.1.38~1-3fec9]:main():gmm-est.cc:146) Written model to exp/mono/2.mdl
# Accounting: time=0 threads=1
# Ended (code 0) at Fri Apr  7 19:35:47 IST 2017, elapsed time 0 seconds
