# gmm-est --write-occs=exp/mono/3.occs --mix-up=425 --power=0.25 exp/mono/2.mdl "gmm-sum-accs - exp/mono/2.*.acc|" exp/mono/3.mdl 
# Started at Fri Apr  7 19:36:26 IST 2017
#
gmm-est --write-occs=exp/mono/3.occs --mix-up=425 --power=0.25 exp/mono/2.mdl 'gmm-sum-accs - exp/mono/2.*.acc|' exp/mono/3.mdl 
gmm-sum-accs - exp/mono/2.1.acc exp/mono/2.2.acc exp/mono/2.3.acc exp/mono/2.4.acc 
LOG (gmm-sum-accs[5.1.38~1-3fec9]:main():gmm-sum-accs.cc:63) Summed 4 stats, total count 18459, avg like/frame -112.25
LOG (gmm-sum-accs[5.1.38~1-3fec9]:main():gmm-sum-accs.cc:66) Total count of stats is 18459
LOG (gmm-sum-accs[5.1.38~1-3fec9]:main():gmm-sum-accs.cc:67) Written stats to -
LOG (gmm-est[5.1.38~1-3fec9]:MleUpdate():transition-model.cc:517) TransitionModel::Update, objf change is 0.0626991 per frame over 18459 frames. 
LOG (gmm-est[5.1.38~1-3fec9]:MleUpdate():transition-model.cc:520) 48 probabilities floored, 235 out of 433 transition-states skipped due to insuffient data (it is normal to have some skipped.)
LOG (gmm-est[5.1.38~1-3fec9]:main():gmm-est.cc:102) Transition model update: Overall 0.0626991 log-like improvement per frame over 18459 frames.
WARNING (gmm-est[5.1.38~1-3fec9]:MleDiagGmmUpdate():mle-diag-gmm.cc:365) Gaussian has too little data but not removing it because it is the last Gaussian: i = 0, occ = 0, weight = 1
WARNING (gmm-est[5.1.38~1-3fec9]:MleDiagGmmUpdate():mle-diag-gmm.cc:365) Gaussian has too little data but not removing it because it is the last Gaussian: i = 0, occ = 0, weight = 1
WARNING (gmm-est[5.1.38~1-3fec9]:MleDiagGmmUpdate():mle-diag-gmm.cc:365) Gaussian has too little data but not removing it because it is the last Gaussian: i = 0, occ = 0, weight = 1
WARNING (gmm-est[5.1.38~1-3fec9]:MleDiagGmmUpdate():mle-diag-gmm.cc:365) Gaussian has too little data but not removing it because it is the last Gaussian: i = 0, occ = 1, weight = 1
WARNING (gmm-est[5.1.38~1-3fec9]:MleDiagGmmUpdate():mle-diag-gmm.cc:365) Gaussian has too little data but not removing it because it is the last Gaussian: i = 0, occ = 1, weight = 1
WARNING (gmm-est[5.1.38~1-3fec9]:MleDiagGmmUpdate():mle-diag-gmm.cc:365) Gaussian has too little data but not removing it because it is the last Gaussian: i = 0, occ = 5, weight = 1
WARNING (gmm-est[5.1.38~1-3fec9]:MleDiagGmmUpdate():mle-diag-gmm.cc:365) Gaussian has too little data but not removing it because it is the last Gaussian: i = 0, occ = 2, weight = 1
WARNING (gmm-est[5.1.38~1-3fec9]:MleDiagGmmUpdate():mle-diag-gmm.cc:365) Gaussian has too little data but not removing it because it is the last Gaussian: i = 0, occ = 3, weight = 1
WARNING (gmm-est[5.1.38~1-3fec9]:MleDiagGmmUpdate():mle-diag-gmm.cc:365) Gaussian has too little data but not removing it because it is the last Gaussian: i = 0, occ = 2, weight = 1
WARNING (gmm-est[5.1.38~1-3fec9]:MleDiagGmmUpdate():mle-diag-gmm.cc:365) Gaussian has too little data but not removing it because it is the last Gaussian: i = 0, occ = 2, weight = 1
WARNING (gmm-est[5.1.38~1-3fec9]:MleDiagGmmUpdate():mle-diag-gmm.cc:365) Gaussian has too little data but not removing it because it is the last Gaussian: i = 0, occ = 2, weight = 1
WARNING (gmm-est[5.1.38~1-3fec9]:MleDiagGmmUpdate():mle-diag-gmm.cc:365) Gaussian has too little data but not removing it because it is the last Gaussian: i = 0, occ = 2, weight = 1
WARNING (gmm-est[5.1.38~1-3fec9]:MleDiagGmmUpdate():mle-diag-gmm.cc:365) Gaussian has too little data but not removing it because it is the last Gaussian: i = 0, occ = 1, weight = 1
WARNING (gmm-est[5.1.38~1-3fec9]:MleDiagGmmUpdate():mle-diag-gmm.cc:365) Gaussian has too little data but not removing it because it is the last Gaussian: i = 0, occ = 0, weight = 1
WARNING (gmm-est[5.1.38~1-3fec9]:MleDiagGmmUpdate():mle-diag-gmm.cc:365) Gaussian has too little data but not removing it because it is the last Gaussian: i = 0, occ = 0, weight = 1
WARNING (gmm-est[5.1.38~1-3fec9]:MleDiagGmmUpdate():mle-diag-gmm.cc:365) Gaussian has too little data but not removing it because it is the last Gaussian: i = 0, occ = 0, weight = 1
WARNING (gmm-est[5.1.38~1-3fec9]:MleDiagGmmUpdate():mle-diag-gmm.cc:365) Gaussian has too little data but not removing it because it is the last Gaussian: i = 0, occ = 0, weight = 1
WARNING (gmm-est[5.1.38~1-3fec9]:MleDiagGmmUpdate():mle-diag-gmm.cc:365) Gaussian has too little data but not removing it because it is the last Gaussian: i = 0, occ = 0, weight = 1
WARNING (gmm-est[5.1.38~1-3fec9]:MleDiagGmmUpdate():mle-diag-gmm.cc:365) Gaussian has too little data but not removing it because it is the last Gaussian: i = 0, occ = 0, weight = 1
LOG (gmm-est[5.1.38~1-3fec9]:MleAmDiagGmmUpdate():mle-am-diag-gmm.cc:225) 0 variance elements floored in 0 Gaussians, out of 107
LOG (gmm-est[5.1.38~1-3fec9]:MleAmDiagGmmUpdate():mle-am-diag-gmm.cc:229) Removed 0 Gaussians due to counts < --min-gaussian-occupancy=10 and --remove-low-count-gaussians=true
LOG (gmm-est[5.1.38~1-3fec9]:main():gmm-est.cc:113) GMM update: Overall 1.19266 objective function improvement per frame over 18459 frames
LOG (gmm-est[5.1.38~1-3fec9]:main():gmm-est.cc:116) GMM update: Overall avg like per frame = -112.25 over 18459 frames.
LOG (gmm-est[5.1.38~1-3fec9]:SplitByCount():am-diag-gmm.cc:116) Split 107 states with target = 425, power = 0.25, perturb_factor = 0.01 and min_count = 20, split #Gauss from 107 to 425
LOG (gmm-est[5.1.38~1-3fec9]:main():gmm-est.cc:146) Written model to exp/mono/3.mdl
# Accounting: time=0 threads=1
# Ended (code 0) at Fri Apr  7 19:36:26 IST 2017, elapsed time 0 seconds
