# gmm-align-compiled --transition-scale=1.0 --acoustic-scale=0.1 --self-loop-scale=0.1 --beam=10 --retry-beam=40 --careful=false "gmm-boost-silence --boost=1.25 1 exp/tri1/20.mdl - |" "ark:gunzip -c exp/tri1/fsts.3.gz|" "ark,s,cs:apply-cmvn  --utt2spk=ark:data/train/split4/3/utt2spk scp:data/train/split4/3/cmvn.scp scp:data/train/split4/3/feats.scp ark:- | add-deltas  ark:- ark:- |" "ark:|gzip -c >exp/tri1/ali.3.gz" 
# Started at Fri Apr  7 20:16:48 DST 2017
#
gmm-align-compiled --transition-scale=1.0 --acoustic-scale=0.1 --self-loop-scale=0.1 --beam=10 --retry-beam=40 --careful=false 'gmm-boost-silence --boost=1.25 1 exp/tri1/20.mdl - |' 'ark:gunzip -c exp/tri1/fsts.3.gz|' 'ark,s,cs:apply-cmvn  --utt2spk=ark:data/train/split4/3/utt2spk scp:data/train/split4/3/cmvn.scp scp:data/train/split4/3/feats.scp ark:- | add-deltas  ark:- ark:- |' 'ark:|gzip -c >exp/tri1/ali.3.gz' 
gmm-boost-silence --boost=1.25 1 exp/tri1/20.mdl - 
WARNING (gmm-boost-silence[5.1.38~1391-3fec9]:main():gmm-boost-silence.cc:82) The pdfs for the silence phones may be shared by other phones (note: this probably does not matter.)
LOG (gmm-boost-silence[5.1.38~1391-3fec9]:main():gmm-boost-silence.cc:93) Boosted weights for 5 pdfs, by factor of 1.25
LOG (gmm-boost-silence[5.1.38~1391-3fec9]:main():gmm-boost-silence.cc:103) Wrote model to -
apply-cmvn --utt2spk=ark:data/train/split4/3/utt2spk scp:data/train/split4/3/cmvn.scp scp:data/train/split4/3/feats.scp ark:- 
add-deltas ark:- ark:- 
WARNING (gmm-align-compiled[5.1.38~1391-3fec9]:AlignUtteranceWrapper():decoder-wrappers.cc:466) Retrying utterance ibm_002_004 with beam 40
WARNING (gmm-align-compiled[5.1.38~1391-3fec9]:AlignUtteranceWrapper():decoder-wrappers.cc:466) Retrying utterance ibm_002_185 with beam 40
WARNING (gmm-align-compiled[5.1.38~1391-3fec9]:AlignUtteranceWrapper():decoder-wrappers.cc:475) Did not successfully decode file ibm_002_185, len = 518
WARNING (gmm-align-compiled[5.1.38~1391-3fec9]:AlignUtteranceWrapper():decoder-wrappers.cc:466) Retrying utterance ibm_002_374 with beam 40
LOG (apply-cmvn[5.1.38~1391-3fec9]:main():apply-cmvn.cc:146) Applied cepstral mean normalization to 143 utterances, errors on 0
LOG (gmm-align-compiled[5.1.38~1391-3fec9]:main():gmm-align-compiled.cc:129) Overall log-likelihood per frame is -100.009 over 134738 frames.
LOG (gmm-align-compiled[5.1.38~1391-3fec9]:main():gmm-align-compiled.cc:131) Retried 3 out of 143 utterances.
LOG (gmm-align-compiled[5.1.38~1391-3fec9]:main():gmm-align-compiled.cc:133) Done 142, errors on 1
# Accounting: time=28 threads=1
# Ended (code 0) at Fri Apr  7 20:17:16 DST 2017, elapsed time 28 seconds
