# compile-train-graphs --read-disambig-syms=data/lang/phones/disambig.int exp/tri1/tree exp/tri1/1.mdl data/lang/L.fst "ark:utils/sym2int.pl --map-oov 1 -f 2- data/lang/words.txt < data/train/split4/1/text |" "ark:|gzip -c >exp/tri1/fsts.1.gz" 
# Started at Fri Apr  7 20:15:20 DST 2017
#
compile-train-graphs --read-disambig-syms=data/lang/phones/disambig.int exp/tri1/tree exp/tri1/1.mdl data/lang/L.fst 'ark:utils/sym2int.pl --map-oov 1 -f 2- data/lang/words.txt < data/train/split4/1/text |' 'ark:|gzip -c >exp/tri1/fsts.1.gz' 
sym2int.pl: replacing pemayuhnya with 1
sym2int.pl: replacing serakupnya with 1
sym2int.pl: replacing hashmin with 1
sym2int.pl: replacing jiwaku with 1
sym2int.pl: replacing rosta with 1
sym2int.pl: replacing dimon with 1
sym2int.pl: replacing te with 1
sym2int.pl: replacing lepasnya with 1
sym2int.pl: replacing address with 1
sym2int.pl: replacing numor with 1
sym2int.pl: replacing dinyanyi with 1
sym2int.pl: replacing pegering with 1
sym2int.pl: replacing suratkhabar with 1
sym2int.pl: replacing semenjung with 1
sym2int.pl: replacing indaiku with 1
sym2int.pl: replacing biniku with 1
sym2int.pl: replacing apaiku with 1
sym2int.pl: replacing lakiku with 1
sym2int.pl: replacing penyalin with 1
sym2int.pl: replacing nwcc with 1
sym2int.pl: not warning for OOVs any more times
** Replaced 42 instances of OOVs with 1
LOG (compile-train-graphs[5.1.38~1391-3fec9]:main():compile-train-graphs.cc:145) compile-train-graphs: succeeded for 104 graphs, failed for 0
# Accounting: time=4 threads=1
# Ended (code 0) at Fri Apr  7 20:15:24 DST 2017, elapsed time 4 seconds
