# compile-train-graphs --read-disambig-syms=data/lang/phones/disambig.int exp/tri1/tree exp/tri1/1.mdl data/lang/L.fst "ark:utils/sym2int.pl --map-oov 1 -f 2- data/lang/words.txt < data/train/split4/2/text |" "ark:|gzip -c >exp/tri1/fsts.2.gz" 
# Started at Fri Apr  7 20:15:20 DST 2017
#
compile-train-graphs --read-disambig-syms=data/lang/phones/disambig.int exp/tri1/tree exp/tri1/1.mdl data/lang/L.fst 'ark:utils/sym2int.pl --map-oov 1 -f 2- data/lang/words.txt < data/train/split4/2/text |' 'ark:|gzip -c >exp/tri1/fsts.2.gz' 
sym2int.pl: replacing perengkaka with 1
sym2int.pl: replacing jalainya with 1
sym2int.pl: replacing tandak with 1
sym2int.pl: replacing ngelulukka with 1
sym2int.pl: replacing aziman with 1
sym2int.pl: replacing beritanya with 1
sym2int.pl: replacing epat with 1
sym2int.pl: replacing pembagi with 1
sym2int.pl: replacing berpecah with 1
sym2int.pl: replacing nguluk with 1
sym2int.pl: replacing nguluk with 1
sym2int.pl: replacing pla with 1
sym2int.pl: replacing nempak with 1
sym2int.pl: replacing nutp with 1
sym2int.pl: replacing kaur with 1
sym2int.pl: replacing upis with 1
sym2int.pl: replacing upis with 1
sym2int.pl: replacing mont with 1
sym2int.pl: replacing slash with 1
sym2int.pl: replacing spdc with 1
sym2int.pl: not warning for OOVs any more times
** Replaced 57 instances of OOVs with 1
LOG (compile-train-graphs[5.1.38~1391-3fec9]:main():compile-train-graphs.cc:145) compile-train-graphs: succeeded for 117 graphs, failed for 0
# Accounting: time=5 threads=1
# Ended (code 0) at Fri Apr  7 20:15:25 DST 2017, elapsed time 5 seconds
