# gmm-init-model --write-occs=exp/tri1/1.occs exp/tri1/tree exp/tri1/treeacc data/lang/topo exp/tri1/1.mdl 
# Started at Fri Apr  7 20:15:18 DST 2017
#
gmm-init-model --write-occs=exp/tri1/1.occs exp/tri1/tree exp/tri1/treeacc data/lang/topo exp/tri1/1.mdl 
LOG (gmm-init-model[5.1.38~1391-3fec9]:main():gmm-init-model.cc:271) Number of separate statistics is 18652
WARNING (gmm-init-model[5.1.38~1391-3fec9]:InitAmGmm():gmm-init-model.cc:55) Tree has pdf-id 2 with no stats; corresponding phone list: 10 11 12 13 
WARNING (gmm-init-model[5.1.38~1391-3fec9]:InitAmGmm():gmm-init-model.cc:83) Very small count for state 10: 79; corresponding phone list: 42 43 44 45 
WARNING (gmm-init-model[5.1.38~1391-3fec9]:InitAmGmm():gmm-init-model.cc:83) Very small count for state 15: 73; corresponding phone list: 62 63 64 65 
WARNING (gmm-init-model[5.1.38~1391-3fec9]:InitAmGmm():gmm-init-model.cc:83) Very small count for state 24: 72; corresponding phone list: 98 99 100 101 
WARNING (gmm-init-model[5.1.38~1391-3fec9]:InitAmGmm():gmm-init-model.cc:83) Very small count for state 33: 12; corresponding phone list: 134 135 136 137 
WARNING (gmm-init-model[5.1.38~1391-3fec9]:InitAmGmm():gmm-init-model.cc:83) Very small count for state 34: 77; corresponding phone list: 138 139 140 141 
WARNING (gmm-init-model[5.1.38~1391-3fec9]:InitAmGmm():gmm-init-model.cc:83) Very small count for state 43: 42; corresponding phone list: 70 71 72 73 
WARNING (gmm-init-model[5.1.38~1391-3fec9]:InitAmGmm():gmm-init-model.cc:83) Very small count for state 62: 21; corresponding phone list: 22 23 24 25 
WARNING (gmm-init-model[5.1.38~1391-3fec9]:InitAmGmm():gmm-init-model.cc:83) Very small count for state 83: 76; corresponding phone list: 54 55 56 57 
WARNING (gmm-init-model[5.1.38~1391-3fec9]:InitAmGmm():gmm-init-model.cc:83) Very small count for state 98: 75; corresponding phone list: 42 43 44 45 
WARNING (gmm-init-model[5.1.38~1391-3fec9]:InitAmGmm():gmm-init-model.cc:83) Very small count for state 104: 66; corresponding phone list: 118 119 120 121 
WARNING (gmm-init-model[5.1.38~1391-3fec9]:InitAmGmm():gmm-init-model.cc:83) Very small count for state 126: 12; corresponding phone list: 31 
WARNING (gmm-init-model[5.1.38~1391-3fec9]:InitAmGmm():gmm-init-model.cc:83) Very small count for state 130: 78; corresponding phone list: 14 15 16 17 
WARNING (gmm-init-model[5.1.38~1391-3fec9]:InitAmGmm():gmm-init-model.cc:83) Very small count for state 169: 41; corresponding phone list: 122 123 124 125 
WARNING (gmm-init-model[5.1.38~1391-3fec9]:InitAmGmm():gmm-init-model.cc:83) Very small count for state 179: 70; corresponding phone list: 110 111 112 113 
WARNING (gmm-init-model[5.1.38~1391-3fec9]:InitAmGmm():gmm-init-model.cc:83) Very small count for state 195: 21; corresponding phone list: 94 95 96 97 
WARNING (gmm-init-model[5.1.38~1391-3fec9]:InitAmGmm():gmm-init-model.cc:83) Very small count for state 201: 65; corresponding phone list: 118 119 120 121 
WARNING (gmm-init-model[5.1.38~1391-3fec9]:InitAmGmm():gmm-init-model.cc:83) Very small count for state 206: 87; corresponding phone list: 71 
WARNING (gmm-init-model[5.1.38~1391-3fec9]:InitAmGmm():gmm-init-model.cc:83) Very small count for state 225: 12; corresponding phone list: 86 87 88 89 
WARNING (gmm-init-model[5.1.38~1391-3fec9]:InitAmGmm():gmm-init-model.cc:83) Very small count for state 246: 77; corresponding phone list: 18 20 21 
WARNING (gmm-init-model[5.1.38~1391-3fec9]:InitAmGmm():gmm-init-model.cc:83) Very small count for state 298: 46; corresponding phone list: 94 95 96 97 
WARNING (gmm-init-model[5.1.38~1391-3fec9]:InitAmGmm():gmm-init-model.cc:83) Very small count for state 304: 15; corresponding phone list: 70 71 72 73 
WARNING (gmm-init-model[5.1.38~1391-3fec9]:InitAmGmm():gmm-init-model.cc:83) Very small count for state 339: 69; corresponding phone list: 34 35 36 37 
WARNING (gmm-init-model[5.1.38~1391-3fec9]:InitAmGmm():gmm-init-model.cc:83) Very small count for state 347: 65; corresponding phone list: 110 111 112 113 
WARNING (gmm-init-model[5.1.38~1391-3fec9]:InitAmGmm():gmm-init-model.cc:83) Very small count for state 367: 43; corresponding phone list: 38 39 40 41 
WARNING (gmm-init-model[5.1.38~1391-3fec9]:InitAmGmm():gmm-init-model.cc:83) Very small count for state 370: 86; corresponding phone list: 14 15 16 17 
WARNING (gmm-init-model[5.1.38~1391-3fec9]:InitAmGmm():gmm-init-model.cc:83) Very small count for state 378: 78; corresponding phone list: 66 67 68 69 
WARNING (gmm-init-model[5.1.38~1391-3fec9]:InitAmGmm():gmm-init-model.cc:83) Very small count for state 422: 92; corresponding phone list: 94 95 96 97 
WARNING (gmm-init-model[5.1.38~1391-3fec9]:InitAmGmm():gmm-init-model.cc:83) Very small count for state 441: 80; corresponding phone list: 130 131 132 133 
WARNING (gmm-init-model[5.1.38~1391-3fec9]:InitAmGmm():gmm-init-model.cc:83) Very small count for state 470: 35; corresponding phone list: 123 125 
WARNING (gmm-init-model[5.1.38~1391-3fec9]:InitAmGmm():gmm-init-model.cc:83) Very small count for state 474: 98; corresponding phone list: 110 111 112 113 
WARNING (gmm-init-model[5.1.38~1391-3fec9]:InitAmGmm():gmm-init-model.cc:83) Very small count for state 504: 91; corresponding phone list: 22 23 24 25 
WARNING (gmm-init-model[5.1.38~1391-3fec9]:InitAmGmm():gmm-init-model.cc:83) Very small count for state 510: 97; corresponding phone list: 110 111 112 113 
WARNING (gmm-init-model[5.1.38~1391-3fec9]:InitAmGmm():gmm-init-model.cc:83) Very small count for state 517: 60; corresponding phone list: 38 39 40 41 
WARNING (gmm-init-model[5.1.38~1391-3fec9]:InitAmGmm():gmm-init-model.cc:83) Very small count for state 528: 38; corresponding phone list: 72 
WARNING (gmm-init-model[5.1.38~1391-3fec9]:InitAmGmm():gmm-init-model.cc:83) Very small count for state 590: 34; corresponding phone list: 130 131 132 133 
WARNING (gmm-init-model[5.1.38~1391-3fec9]:InitAmGmm():gmm-init-model.cc:83) Very small count for state 600: 95; corresponding phone list: 122 123 124 125 
WARNING (gmm-init-model[5.1.38~1391-3fec9]:InitAmGmm():gmm-init-model.cc:83) Very small count for state 608: 49; corresponding phone list: 90 91 92 93 
WARNING (gmm-init-model[5.1.38~1391-3fec9]:InitAmGmm():gmm-init-model.cc:83) Very small count for state 643: 21; corresponding phone list: 86 87 88 89 
WARNING (gmm-init-model[5.1.38~1391-3fec9]:InitAmGmm():gmm-init-model.cc:83) Very small count for state 649: 98; corresponding phone list: 130 131 132 133 
WARNING (gmm-init-model[5.1.38~1391-3fec9]:InitAmGmm():gmm-init-model.cc:83) Very small count for state 661: 84; corresponding phone list: 126 127 128 129 
WARNING (gmm-init-model[5.1.38~1391-3fec9]:InitAmGmm():gmm-init-model.cc:83) Very small count for state 698: 95; corresponding phone list: 123 125 
WARNING (gmm-init-model[5.1.38~1391-3fec9]:InitAmGmm():gmm-init-model.cc:83) Very small count for state 719: 76; corresponding phone list: 130 131 132 133 
WARNING (gmm-init-model[5.1.38~1391-3fec9]:InitAmGmm():gmm-init-model.cc:83) Very small count for state 720: 84; corresponding phone list: 138 139 140 141 
WARNING (gmm-init-model[5.1.38~1391-3fec9]:InitAmGmm():gmm-init-model.cc:83) Very small count for state 722: 50; corresponding phone list: 94 95 96 97 
WARNING (gmm-init-model[5.1.38~1391-3fec9]:InitAmGmm():gmm-init-model.cc:83) Very small count for state 794: 58; corresponding phone list: 26 27 28 29 
LOG (gmm-init-model[5.1.38~1391-3fec9]:main():gmm-init-model.cc:306) Wrote model.
# Accounting: time=1 threads=1
# Ended (code 0) at Fri Apr  7 20:15:19 DST 2017, elapsed time 1 seconds
