# gmm-est --mix-up=3000 --power=0.25 --write-occs=exp/tri1/2.occs exp/tri1/1.mdl "gmm-sum-accs - exp/tri1/1.*.acc |" exp/tri1/2.mdl 
# Started at Fri Apr  7 20:15:27 DST 2017
#
gmm-est --mix-up=3000 --power=0.25 --write-occs=exp/tri1/2.occs exp/tri1/1.mdl 'gmm-sum-accs - exp/tri1/1.*.acc |' exp/tri1/2.mdl 
gmm-sum-accs - exp/tri1/1.1.acc exp/tri1/1.2.acc exp/tri1/1.3.acc exp/tri1/1.4.acc 
LOG (gmm-sum-accs[5.1.38~1391-3fec9]:main():gmm-sum-accs.cc:63) Summed 4 stats, total count 490425, avg like/frame -108.637
LOG (gmm-sum-accs[5.1.38~1391-3fec9]:main():gmm-sum-accs.cc:66) Total count of stats is 490425
LOG (gmm-sum-accs[5.1.38~1391-3fec9]:main():gmm-sum-accs.cc:67) Written stats to -
LOG (gmm-est[5.1.38~1391-3fec9]:MleUpdate():transition-model.cc:517) TransitionModel::Update, objf change is 0.357583 per frame over 490425 frames. 
LOG (gmm-est[5.1.38~1391-3fec9]:MleUpdate():transition-model.cc:520) 129 probabilities floored, 1662 out of 3259 transition-states skipped due to insuffient data (it is normal to have some skipped.)
LOG (gmm-est[5.1.38~1391-3fec9]:main():gmm-est.cc:102) Transition model update: Overall 0.357583 log-like improvement per frame over 490425 frames.
WARNING (gmm-est[5.1.38~1391-3fec9]:MleDiagGmmUpdate():mle-diag-gmm.cc:365) Gaussian has too little data but not removing it because it is the last Gaussian: i = 0, occ = 0, weight = 1
LOG (gmm-est[5.1.38~1391-3fec9]:MleAmDiagGmmUpdate():mle-am-diag-gmm.cc:225) 0 variance elements floored in 0 Gaussians, out of 3000
LOG (gmm-est[5.1.38~1391-3fec9]:MleAmDiagGmmUpdate():mle-am-diag-gmm.cc:229) Removed 0 Gaussians due to counts < --min-gaussian-occupancy=10 and --remove-low-count-gaussians=true
LOG (gmm-est[5.1.38~1391-3fec9]:main():gmm-est.cc:113) GMM update: Overall 0.00660376 objective function improvement per frame over 490425 frames
LOG (gmm-est[5.1.38~1391-3fec9]:main():gmm-est.cc:116) GMM update: Overall avg like per frame = -108.637 over 490425 frames.
LOG (gmm-est[5.1.38~1391-3fec9]:SplitByCount():am-diag-gmm.cc:116) Split 800 states with target = 3000, power = 0.25, perturb_factor = 0.01 and min_count = 20, split #Gauss from 3000 to 3039
LOG (gmm-est[5.1.38~1391-3fec9]:main():gmm-est.cc:146) Written model to exp/tri1/2.mdl
# Accounting: time=0 threads=1
# Ended (code 0) at Fri Apr  7 20:15:27 DST 2017, elapsed time 0 seconds
