# gmm-est --mix-up=28995 --power=0.25 --write-occs=exp/tri1/18.occs exp/tri1/17.mdl "gmm-sum-accs - exp/tri1/17.*.acc |" exp/tri1/18.mdl 
# Started at Fri Apr  7 20:16:31 DST 2017
#
gmm-est --mix-up=28995 --power=0.25 --write-occs=exp/tri1/18.occs exp/tri1/17.mdl 'gmm-sum-accs - exp/tri1/17.*.acc |' exp/tri1/18.mdl 
gmm-sum-accs - exp/tri1/17.1.acc exp/tri1/17.2.acc exp/tri1/17.3.acc exp/tri1/17.4.acc 
LOG (gmm-sum-accs[5.1.38~1391-3fec9]:main():gmm-sum-accs.cc:63) Summed 4 stats, total count 489566, avg like/frame -99.0061
LOG (gmm-sum-accs[5.1.38~1391-3fec9]:main():gmm-sum-accs.cc:66) Total count of stats is 489566
LOG (gmm-sum-accs[5.1.38~1391-3fec9]:main():gmm-sum-accs.cc:67) Written stats to -
LOG (gmm-est[5.1.38~1391-3fec9]:MleUpdate():transition-model.cc:517) TransitionModel::Update, objf change is 0 per frame over 489566 frames. 
LOG (gmm-est[5.1.38~1391-3fec9]:MleUpdate():transition-model.cc:520) 153 probabilities floored, 1654 out of 3259 transition-states skipped due to insuffient data (it is normal to have some skipped.)
LOG (gmm-est[5.1.38~1391-3fec9]:main():gmm-est.cc:102) Transition model update: Overall 0 log-like improvement per frame over 489566 frames.
WARNING (gmm-est[5.1.38~1391-3fec9]:MleDiagGmmUpdate():mle-diag-gmm.cc:359) Too little data - removing Gaussian (weight 0.000468, occupation count 7.838764, vector size 39)
WARNING (gmm-est[5.1.38~1391-3fec9]:MleDiagGmmUpdate():mle-diag-gmm.cc:359) Too little data - removing Gaussian (weight 0.000563, occupation count 9.430861, vector size 39)
WARNING (gmm-est[5.1.38~1391-3fec9]:MleDiagGmmUpdate():mle-diag-gmm.cc:359) Too little data - removing Gaussian (weight 0.000512, occupation count 8.574351, vector size 39)
WARNING (gmm-est[5.1.38~1391-3fec9]:MleDiagGmmUpdate():mle-diag-gmm.cc:359) Too little data - removing Gaussian (weight 0.000578, occupation count 9.676842, vector size 39)
WARNING (gmm-est[5.1.38~1391-3fec9]:MleDiagGmmUpdate():mle-diag-gmm.cc:359) Too little data - removing Gaussian (weight 0.000573, occupation count 9.584019, vector size 39)
WARNING (gmm-est[5.1.38~1391-3fec9]:MleDiagGmmUpdate():mle-diag-gmm.cc:359) Too little data - removing Gaussian (weight 0.000584, occupation count 9.774132, vector size 39)
WARNING (gmm-est[5.1.38~1391-3fec9]:MleDiagGmmUpdate():mle-diag-gmm.cc:359) Too little data - removing Gaussian (weight 0.000540, occupation count 9.033510, vector size 39)
WARNING (gmm-est[5.1.38~1391-3fec9]:MleDiagGmmUpdate():mle-diag-gmm.cc:359) Too little data - removing Gaussian (weight 0.000596, occupation count 9.983532, vector size 39)
WARNING (gmm-est[5.1.38~1391-3fec9]:MleDiagGmmUpdate():mle-diag-gmm.cc:359) Too little data - removing Gaussian (weight 0.000553, occupation count 9.261129, vector size 39)
WARNING (gmm-est[5.1.38~1391-3fec9]:MleDiagGmmUpdate():mle-diag-gmm.cc:359) Too little data - removing Gaussian (weight 0.000579, occupation count 9.697576, vector size 39)
WARNING (gmm-est[5.1.38~1391-3fec9]:MleDiagGmmUpdate():mle-diag-gmm.cc:359) Too little data - removing Gaussian (weight 0.000582, occupation count 9.738524, vector size 39)
WARNING (gmm-est[5.1.38~1391-3fec9]:MleDiagGmmUpdate():mle-diag-gmm.cc:359) Too little data - removing Gaussian (weight 0.000311, occupation count 5.207642, vector size 39)
WARNING (gmm-est[5.1.38~1391-3fec9]:MleDiagGmmUpdate():mle-diag-gmm.cc:365) Gaussian has too little data but not removing it because it is the last Gaussian: i = 0, occ = 0, weight = 1
WARNING (gmm-est[5.1.38~1391-3fec9]:MleDiagGmmUpdate():mle-diag-gmm.cc:359) Too little data - removing Gaussian (weight 0.010546, occupation count 9.976387, vector size 39)
WARNING (gmm-est[5.1.38~1391-3fec9]:MleDiagGmmUpdate():mle-diag-gmm.cc:359) Too little data - removing Gaussian (weight 0.000194, occupation count 9.242439, vector size 39)
WARNING (gmm-est[5.1.38~1391-3fec9]:MleDiagGmmUpdate():mle-diag-gmm.cc:359) Too little data - removing Gaussian (weight 0.000209, occupation count 9.945812, vector size 39)
WARNING (gmm-est[5.1.38~1391-3fec9]:MleDiagGmmUpdate():mle-diag-gmm.cc:359) Too little data - removing Gaussian (weight 0.000205, occupation count 9.785845, vector size 39)
WARNING (gmm-est[5.1.38~1391-3fec9]:MleDiagGmmUpdate():mle-diag-gmm.cc:359) Too little data - removing Gaussian (weight 0.000209, occupation count 9.976786, vector size 39)
WARNING (gmm-est[5.1.38~1391-3fec9]:MleDiagGmmUpdate():mle-diag-gmm.cc:359) Too little data - removing Gaussian (weight 0.000204, occupation count 9.720172, vector size 39)
WARNING (gmm-est[5.1.38~1391-3fec9]:MleDiagGmmUpdate():mle-diag-gmm.cc:359) Too little data - removing Gaussian (weight 0.000210, occupation count 9.987295, vector size 39)
WARNING (gmm-est[5.1.38~1391-3fec9]:MleDiagGmmUpdate():mle-diag-gmm.cc:359) Too little data - removing Gaussian (weight 0.000208, occupation count 9.912485, vector size 39)
WARNING (gmm-est[5.1.38~1391-3fec9]:MleDiagGmmUpdate():mle-diag-gmm.cc:359) Too little data - removing Gaussian (weight 0.000190, occupation count 9.064857, vector size 39)
WARNING (gmm-est[5.1.38~1391-3fec9]:MleDiagGmmUpdate():mle-diag-gmm.cc:359) Too little data - removing Gaussian (weight 0.000196, occupation count 9.337082, vector size 39)
WARNING (gmm-est[5.1.38~1391-3fec9]:MleDiagGmmUpdate():mle-diag-gmm.cc:359) Too little data - removing Gaussian (weight 0.000183, occupation count 8.702728, vector size 39)
WARNING (gmm-est[5.1.38~1391-3fec9]:MleDiagGmmUpdate():mle-diag-gmm.cc:359) Too little data - removing Gaussian (weight 0.000198, occupation count 9.418232, vector size 39)
WARNING (gmm-est[5.1.38~1391-3fec9]:MleDiagGmmUpdate():mle-diag-gmm.cc:359) Too little data - removing Gaussian (weight 0.000194, occupation count 9.242515, vector size 39)
WARNING (gmm-est[5.1.38~1391-3fec9]:MleDiagGmmUpdate():mle-diag-gmm.cc:359) Too little data - removing Gaussian (weight 0.000208, occupation count 9.895029, vector size 39)
WARNING (gmm-est[5.1.38~1391-3fec9]:MleDiagGmmUpdate():mle-diag-gmm.cc:359) Too little data - removing Gaussian (weight 0.000199, occupation count 9.495957, vector size 39)
WARNING (gmm-est[5.1.38~1391-3fec9]:MleDiagGmmUpdate():mle-diag-gmm.cc:359) Too little data - removing Gaussian (weight 0.000188, occupation count 8.950381, vector size 39)
WARNING (gmm-est[5.1.38~1391-3fec9]:MleDiagGmmUpdate():mle-diag-gmm.cc:359) Too little data - removing Gaussian (weight 0.000209, occupation count 9.967934, vector size 39)
WARNING (gmm-est[5.1.38~1391-3fec9]:MleDiagGmmUpdate():mle-diag-gmm.cc:359) Too little data - removing Gaussian (weight 0.000208, occupation count 9.930059, vector size 39)
WARNING (gmm-est[5.1.38~1391-3fec9]:MleDiagGmmUpdate():mle-diag-gmm.cc:359) Too little data - removing Gaussian (weight 0.000208, occupation count 9.912557, vector size 39)
WARNING (gmm-est[5.1.38~1391-3fec9]:MleDiagGmmUpdate():mle-diag-gmm.cc:359) Too little data - removing Gaussian (weight 0.000206, occupation count 9.820525, vector size 39)
WARNING (gmm-est[5.1.38~1391-3fec9]:MleDiagGmmUpdate():mle-diag-gmm.cc:359) Too little data - removing Gaussian (weight 0.000209, occupation count 9.969668, vector size 39)
WARNING (gmm-est[5.1.38~1391-3fec9]:MleDiagGmmUpdate():mle-diag-gmm.cc:359) Too little data - removing Gaussian (weight 0.000194, occupation count 9.252277, vector size 39)
WARNING (gmm-est[5.1.38~1391-3fec9]:MleDiagGmmUpdate():mle-diag-gmm.cc:359) Too little data - removing Gaussian (weight 0.000197, occupation count 9.363435, vector size 39)
WARNING (gmm-est[5.1.38~1391-3fec9]:MleDiagGmmUpdate():mle-diag-gmm.cc:359) Too little data - removing Gaussian (weight 0.000710, occupation count 9.585866, vector size 39)
WARNING (gmm-est[5.1.38~1391-3fec9]:MleDiagGmmUpdate():mle-diag-gmm.cc:359) Too little data - removing Gaussian (weight 0.000651, occupation count 8.791093, vector size 39)
WARNING (gmm-est[5.1.38~1391-3fec9]:MleDiagGmmUpdate():mle-diag-gmm.cc:359) Too little data - removing Gaussian (weight 0.000737, occupation count 9.959687, vector size 39)
WARNING (gmm-est[5.1.38~1391-3fec9]:MleDiagGmmUpdate():mle-diag-gmm.cc:359) Too little data - removing Gaussian (weight 0.000604, occupation count 8.162641, vector size 39)
WARNING (gmm-est[5.1.38~1391-3fec9]:MleDiagGmmUpdate():mle-diag-gmm.cc:359) Too little data - removing Gaussian (weight 0.000732, occupation count 9.881862, vector size 39)
WARNING (gmm-est[5.1.38~1391-3fec9]:MleDiagGmmUpdate():mle-diag-gmm.cc:359) Too little data - removing Gaussian (weight 0.000633, occupation count 8.555717, vector size 39)
WARNING (gmm-est[5.1.38~1391-3fec9]:MleDiagGmmUpdate():mle-diag-gmm.cc:359) Too little data - removing Gaussian (weight 0.000709, occupation count 9.581537, vector size 39)
WARNING (gmm-est[5.1.38~1391-3fec9]:MleDiagGmmUpdate():mle-diag-gmm.cc:359) Too little data - removing Gaussian (weight 0.000643, occupation count 8.678324, vector size 39)
WARNING (gmm-est[5.1.38~1391-3fec9]:MleDiagGmmUpdate():mle-diag-gmm.cc:359) Too little data - removing Gaussian (weight 0.000495, occupation count 6.679988, vector size 39)
WARNING (gmm-est[5.1.38~1391-3fec9]:MleDiagGmmUpdate():mle-diag-gmm.cc:359) Too little data - removing Gaussian (weight 0.000739, occupation count 9.985184, vector size 39)
WARNING (gmm-est[5.1.38~1391-3fec9]:MleDiagGmmUpdate():mle-diag-gmm.cc:359) Too little data - removing Gaussian (weight 0.000658, occupation count 8.888426, vector size 39)
WARNING (gmm-est[5.1.38~1391-3fec9]:MleDiagGmmUpdate():mle-diag-gmm.cc:359) Too little data - removing Gaussian (weight 0.000718, occupation count 9.703728, vector size 39)
WARNING (gmm-est[5.1.38~1391-3fec9]:MleDiagGmmUpdate():mle-diag-gmm.cc:359) Too little data - removing Gaussian (weight 0.000726, occupation count 9.803233, vector size 39)
WARNING (gmm-est[5.1.38~1391-3fec9]:MleDiagGmmUpdate():mle-diag-gmm.cc:359) Too little data - removing Gaussian (weight 0.000693, occupation count 9.363866, vector size 39)
WARNING (gmm-est[5.1.38~1391-3fec9]:MleDiagGmmUpdate():mle-diag-gmm.cc:359) Too little data - removing Gaussian (weight 0.002293, occupation count 9.854803, vector size 39)
WARNING (gmm-est[5.1.38~1391-3fec9]:MleDiagGmmUpdate():mle-diag-gmm.cc:359) Too little data - removing Gaussian (weight 0.005677, occupation count 8.929138, vector size 39)
WARNING (gmm-est[5.1.38~1391-3fec9]:MleDiagGmmUpdate():mle-diag-gmm.cc:359) Too little data - removing Gaussian (weight 0.012790, occupation count 9.925041, vector size 39)
WARNING (gmm-est[5.1.38~1391-3fec9]:MleDiagGmmUpdate():mle-diag-gmm.cc:359) Too little data - removing Gaussian (weight 0.060975, occupation count 9.999951, vector size 39)
WARNING (gmm-est[5.1.38~1391-3fec9]:MleDiagGmmUpdate():mle-diag-gmm.cc:359) Too little data - removing Gaussian (weight 0.013938, occupation count 9.617051, vector size 39)
WARNING (gmm-est[5.1.38~1391-3fec9]:MleDiagGmmUpdate():mle-diag-gmm.cc:359) Too little data - removing Gaussian (weight 0.013824, occupation count 9.981031, vector size 39)
WARNING (gmm-est[5.1.38~1391-3fec9]:MleDiagGmmUpdate():mle-diag-gmm.cc:359) Too little data - removing Gaussian (weight 0.016071, occupation count 9.996365, vector size 39)
WARNING (gmm-est[5.1.38~1391-3fec9]:MleDiagGmmUpdate():mle-diag-gmm.cc:359) Too little data - removing Gaussian (weight 0.022321, occupation count 9.999976, vector size 39)
WARNING (gmm-est[5.1.38~1391-3fec9]:MleDiagGmmUpdate():mle-diag-gmm.cc:359) Too little data - removing Gaussian (weight 0.006593, occupation count 9.368061, vector size 39)
WARNING (gmm-est[5.1.38~1391-3fec9]:MleDiagGmmUpdate():mle-diag-gmm.cc:359) Too little data - removing Gaussian (weight 0.009087, occupation count 9.987103, vector size 39)
WARNING (gmm-est[5.1.38~1391-3fec9]:MleDiagGmmUpdate():mle-diag-gmm.cc:359) Too little data - removing Gaussian (weight 0.017033, occupation count 9.998152, vector size 39)
WARNING (gmm-est[5.1.38~1391-3fec9]:MleDiagGmmUpdate():mle-diag-gmm.cc:359) Too little data - removing Gaussian (weight 0.024749, occupation count 9.973720, vector size 39)
WARNING (gmm-est[5.1.38~1391-3fec9]:MleDiagGmmUpdate():mle-diag-gmm.cc:359) Too little data - removing Gaussian (weight 0.012188, occupation count 9.908844, vector size 39)
WARNING (gmm-est[5.1.38~1391-3fec9]:MleDiagGmmUpdate():mle-diag-gmm.cc:359) Too little data - removing Gaussian (weight 0.024065, occupation count 9.986965, vector size 39)
WARNING (gmm-est[5.1.38~1391-3fec9]:MleDiagGmmUpdate():mle-diag-gmm.cc:359) Too little data - removing Gaussian (weight 0.009524, occupation count 9.323978, vector size 39)
WARNING (gmm-est[5.1.38~1391-3fec9]:MleDiagGmmUpdate():mle-diag-gmm.cc:359) Too little data - removing Gaussian (weight 0.011845, occupation count 9.996798, vector size 39)
WARNING (gmm-est[5.1.38~1391-3fec9]:MleDiagGmmUpdate():mle-diag-gmm.cc:359) Too little data - removing Gaussian (weight 0.016342, occupation count 9.952179, vector size 39)
WARNING (gmm-est[5.1.38~1391-3fec9]:MleDiagGmmUpdate():mle-diag-gmm.cc:359) Too little data - removing Gaussian (weight 0.060241, occupation count 9.999953, vector size 39)
WARNING (gmm-est[5.1.38~1391-3fec9]:MleDiagGmmUpdate():mle-diag-gmm.cc:359) Too little data - removing Gaussian (weight 0.007652, occupation count 9.855916, vector size 39)
WARNING (gmm-est[5.1.38~1391-3fec9]:MleDiagGmmUpdate():mle-diag-gmm.cc:359) Too little data - removing Gaussian (weight 0.001829, occupation count 9.487132, vector size 39)
WARNING (gmm-est[5.1.38~1391-3fec9]:MleDiagGmmUpdate():mle-diag-gmm.cc:359) Too little data - removing Gaussian (weight 0.001822, occupation count 9.450983, vector size 39)
WARNING (gmm-est[5.1.38~1391-3fec9]:MleDiagGmmUpdate():mle-diag-gmm.cc:359) Too little data - removing Gaussian (weight 0.001788, occupation count 9.274945, vector size 39)
WARNING (gmm-est[5.1.38~1391-3fec9]:MleDiagGmmUpdate():mle-diag-gmm.cc:359) Too little data - removing Gaussian (weight 0.001899, occupation count 9.848313, vector size 39)
WARNING (gmm-est[5.1.38~1391-3fec9]:MleDiagGmmUpdate():mle-diag-gmm.cc:359) Too little data - removing Gaussian (weight 0.001917, occupation count 9.942682, vector size 39)
WARNING (gmm-est[5.1.38~1391-3fec9]:MleDiagGmmUpdate():mle-diag-gmm.cc:359) Too little data - removing Gaussian (weight 0.006135, occupation count 9.085423, vector size 39)
WARNING (gmm-est[5.1.38~1391-3fec9]:MleDiagGmmUpdate():mle-diag-gmm.cc:359) Too little data - removing Gaussian (weight 0.015171, occupation count 9.299790, vector size 39)
WARNING (gmm-est[5.1.38~1391-3fec9]:MleDiagGmmUpdate():mle-diag-gmm.cc:359) Too little data - removing Gaussian (weight 0.009235, occupation count 9.346235, vector size 39)
WARNING (gmm-est[5.1.38~1391-3fec9]:MleDiagGmmUpdate():mle-diag-gmm.cc:359) Too little data - removing Gaussian (weight 0.017091, occupation count 9.997954, vector size 39)
WARNING (gmm-est[5.1.38~1391-3fec9]:MleDiagGmmUpdate():mle-diag-gmm.cc:359) Too little data - removing Gaussian (weight 0.010331, occupation count 9.246423, vector size 39)
WARNING (gmm-est[5.1.38~1391-3fec9]:MleDiagGmmUpdate():mle-diag-gmm.cc:359) Too little data - removing Gaussian (weight 0.012821, occupation count 9.949151, vector size 39)
WARNING (gmm-est[5.1.38~1391-3fec9]:MleDiagGmmUpdate():mle-diag-gmm.cc:359) Too little data - removing Gaussian (weight 0.007990, occupation count 9.021240, vector size 39)
WARNING (gmm-est[5.1.38~1391-3fec9]:MleDiagGmmUpdate():mle-diag-gmm.cc:359) Too little data - removing Gaussian (weight 0.022453, occupation count 8.711851, vector size 39)
WARNING (gmm-est[5.1.38~1391-3fec9]:MleDiagGmmUpdate():mle-diag-gmm.cc:359) Too little data - removing Gaussian (weight 0.007267, occupation count 9.068788, vector size 39)
WARNING (gmm-est[5.1.38~1391-3fec9]:MleDiagGmmUpdate():mle-diag-gmm.cc:359) Too little data - removing Gaussian (weight 0.017493, occupation count 9.831169, vector size 39)
WARNING (gmm-est[5.1.38~1391-3fec9]:MleDiagGmmUpdate():mle-diag-gmm.cc:359) Too little data - removing Gaussian (weight 0.017476, occupation count 9.821774, vector size 39)
WARNING (gmm-est[5.1.38~1391-3fec9]:MleDiagGmmUpdate():mle-diag-gmm.cc:359) Too little data - removing Gaussian (weight 0.009527, occupation count 8.136113, vector size 39)
WARNING (gmm-est[5.1.38~1391-3fec9]:MleDiagGmmUpdate():mle-diag-gmm.cc:359) Too little data - removing Gaussian (weight 0.014942, occupation count 9.817204, vector size 39)
WARNING (gmm-est[5.1.38~1391-3fec9]:MleDiagGmmUpdate():mle-diag-gmm.cc:359) Too little data - removing Gaussian (weight 0.006549, occupation count 9.234198, vector size 39)
WARNING (gmm-est[5.1.38~1391-3fec9]:MleDiagGmmUpdate():mle-diag-gmm.cc:359) Too little data - removing Gaussian (weight 0.026309, occupation count 9.102936, vector size 39)
WARNING (gmm-est[5.1.38~1391-3fec9]:MleDiagGmmUpdate():mle-diag-gmm.cc:359) Too little data - removing Gaussian (weight 0.011752, occupation count 9.061161, vector size 39)
WARNING (gmm-est[5.1.38~1391-3fec9]:MleDiagGmmUpdate():mle-diag-gmm.cc:359) Too little data - removing Gaussian (weight 0.008550, occupation count 9.251325, vector size 39)
WARNING (gmm-est[5.1.38~1391-3fec9]:MleDiagGmmUpdate():mle-diag-gmm.cc:359) Too little data - removing Gaussian (weight 0.006753, occupation count 9.393476, vector size 39)
WARNING (gmm-est[5.1.38~1391-3fec9]:MleDiagGmmUpdate():mle-diag-gmm.cc:359) Too little data - removing Gaussian (weight 0.007495, occupation count 9.998342, vector size 39)
WARNING (gmm-est[5.1.38~1391-3fec9]:MleDiagGmmUpdate():mle-diag-gmm.cc:359) Too little data - removing Gaussian (weight 0.013532, occupation count 9.986522, vector size 39)
WARNING (gmm-est[5.1.38~1391-3fec9]:MleDiagGmmUpdate():mle-diag-gmm.cc:359) Too little data - removing Gaussian (weight 0.019746, occupation count 8.905643, vector size 39)
WARNING (gmm-est[5.1.38~1391-3fec9]:MleDiagGmmUpdate():mle-diag-gmm.cc:359) Too little data - removing Gaussian (weight 0.009086, occupation count 9.776175, vector size 39)
WARNING (gmm-est[5.1.38~1391-3fec9]:MleDiagGmmUpdate():mle-diag-gmm.cc:359) Too little data - removing Gaussian (weight 0.014206, occupation count 9.986470, vector size 39)
WARNING (gmm-est[5.1.38~1391-3fec9]:MleDiagGmmUpdate():mle-diag-gmm.cc:359) Too little data - removing Gaussian (weight 0.015119, occupation count 9.978779, vector size 39)
WARNING (gmm-est[5.1.38~1391-3fec9]:MleDiagGmmUpdate():mle-diag-gmm.cc:359) Too little data - removing Gaussian (weight 0.024198, occupation count 9.945320, vector size 39)
WARNING (gmm-est[5.1.38~1391-3fec9]:MleDiagGmmUpdate():mle-diag-gmm.cc:359) Too little data - removing Gaussian (weight 0.006914, occupation count 9.914053, vector size 39)
WARNING (gmm-est[5.1.38~1391-3fec9]:MleDiagGmmUpdate():mle-diag-gmm.cc:359) Too little data - removing Gaussian (weight 0.043464, occupation count 9.996821, vector size 39)
WARNING (gmm-est[5.1.38~1391-3fec9]:MleDiagGmmUpdate():mle-diag-gmm.cc:359) Too little data - removing Gaussian (weight 0.015455, occupation count 9.999561, vector size 39)
WARNING (gmm-est[5.1.38~1391-3fec9]:MleDiagGmmUpdate():mle-diag-gmm.cc:359) Too little data - removing Gaussian (weight 0.026109, occupation count 9.999670, vector size 39)
WARNING (gmm-est[5.1.38~1391-3fec9]:MleDiagGmmUpdate():mle-diag-gmm.cc:359) Too little data - removing Gaussian (weight 0.016628, occupation count 9.927167, vector size 39)
LOG (gmm-est[5.1.38~1391-3fec9]:MleAmDiagGmmUpdate():mle-am-diag-gmm.cc:225) 0 variance elements floored in 0 Gaussians, out of 24006
LOG (gmm-est[5.1.38~1391-3fec9]:MleAmDiagGmmUpdate():mle-am-diag-gmm.cc:229) Removed 103 Gaussians due to counts < --min-gaussian-occupancy=10 and --remove-low-count-gaussians=true
LOG (gmm-est[5.1.38~1391-3fec9]:main():gmm-est.cc:113) GMM update: Overall 0.114385 objective function improvement per frame over 489566 frames
LOG (gmm-est[5.1.38~1391-3fec9]:main():gmm-est.cc:116) GMM update: Overall avg like per frame = -99.0061 over 489566 frames.
WARNING (gmm-est[5.1.38~1391-3fec9]:GetSplitTargets():model-common.cc:134) Could not split up to 28995 due to min-count = 20 (or no counts at all)
LOG (gmm-est[5.1.38~1391-3fec9]:SplitByCount():am-diag-gmm.cc:116) Split 800 states with target = 28995, power = 0.25, perturb_factor = 0.01 and min_count = 20, split #Gauss from 24006 to 24109
LOG (gmm-est[5.1.38~1391-3fec9]:main():gmm-est.cc:146) Written model to exp/tri1/18.mdl
# Accounting: time=1 threads=1
# Ended (code 0) at Fri Apr  7 20:16:32 DST 2017, elapsed time 1 seconds
